<?xml version="1.0" encoding="UTF-8"?>
<!-- Generated by org.testng.reporters.JUnitReportReporter -->
<testsuite hostname="ETDB-510P66T-D" name="appium.TestNG_testcases" tests="6" failures="0" timestamp="13 Jan 2017 10:47:41 GMT" time="176.174" errors="0">
  <testcase name="Search_Leave" time="22.340" classname="appium.TestNG_testcases"/>
  <testcase name="File_leave_Complete" time="53.385" classname="appium.TestNG_testcases"/>
  <testcase name="Check_Leave" time="8.387" classname="appium.TestNG_testcases"/>
  <testcase name="Approve_Leave_Complete" time="16.786" classname="appium.TestNG_testcases"/>
  <testcase name="Login_Complete" time="28.734" classname="appium.TestNG_testcases"/>
  <testcase name="Update_Leave_Complete" time="46.542" classname="appium.TestNG_testcases"/>
</testsuite> <!-- appium.TestNG_testcases -->
