<?xml version="1.0" encoding="UTF-8"?>
<!-- Generated by org.testng.reporters.JUnitReportReporter -->
<testsuite hostname="ETDB-510P66T-D" name="appium.TestNG_testcases" tests="2" failures="0" timestamp="8 Dec 2016 06:20:59 GMT" time="49.408" errors="0">
  <testcase name="Login_Complete" time="27.059" classname="appium.TestNG_testcases"/>
  <testcase name="File_leave_Complete" time="22.349" classname="appium.TestNG_testcases"/>
</testsuite> <!-- appium.TestNG_testcases -->
