<?xml version="1.0" encoding="UTF-8"?>
<!-- Generated by org.testng.reporters.JUnitReportReporter -->
<testsuite hostname="zette" name="appium.SampleTestCase" tests="1" failures="0" timestamp="4 Dec 2016 16:05:22 GMT" time="4.131" errors="0">
  <testcase name="sampeTest" time="4.131" classname="appium.SampleTestCase"/>
</testsuite> <!-- appium.SampleTestCase -->
