<?xml version="1.0" encoding="UTF-8" ?>
<testsuite tests="6" failures="1" name="appium.TestNG_testcases" time="115.953" errors="0" skipped="0">
  <properties>
    <property name="java.vendor" value="Oracle Corporation"/>
    <property name="JOB_NAME" value="Maven-test"/>
    <property name="sun.java.launcher" value="SUN_STANDARD"/>
    <property name="windows_tracing_logfile" value="C:\BVTBin\Tests\installpackage\csilogfile.log"/>
    <property name="NUMBER_OF_PROCESSORS" value="2"/>
    <property name="APK_TEST" value="C:\Users\mary.l.l.dela.torre\.jenkins\workspace\runCalabash"/>
    <property name="sun.management.compiler" value="HotSpot 64-Bit Tiered Compilers"/>
    <property name="JENKINS_HOME" value="C:\Users\mary.l.l.dela.torre\.jenkins"/>
    <property name="HUDSON_SERVER_COOKIE" value="19834694905b785f"/>
    <property name="POM_ARTIFACTID" value="v1"/>
    <property name="os.name" value="Windows 7"/>
    <property name="sun.boot.class.path" value="C:\Program Files\Java\jdk1.8.0_112\jre\lib\resources.jar;C:\Program Files\Java\jdk1.8.0_112\jre\lib\rt.jar;C:\Program Files\Java\jdk1.8.0_112\jre\lib\sunrsasign.jar;C:\Program Files\Java\jdk1.8.0_112\jre\lib\jsse.jar;C:\Program Files\Java\jdk1.8.0_112\jre\lib\jce.jar;C:\Program Files\Java\jdk1.8.0_112\jre\lib\charsets.jar;C:\Program Files\Java\jdk1.8.0_112\jre\lib\jfr.jar;C:\Program Files\Java\jdk1.8.0_112\jre\classes"/>
    <property name="EXECUTOR_NUMBER" value="1"/>
    <property name="sun.desktop" value="windows"/>
    <property name="PATHEXT" value=".COM;.EXE;.BAT;.CMD;.VBS;.VBE;.JS;.JSE;.WSF;.WSH;.MSC"/>
    <property name="M2HOME" value="C:\Users\mary.l.l.dela.torre\apache-maven-3.3.9-bin\apache-maven-3.3.9"/>
    <property name="java.vm.specification.vendor" value="Oracle Corporation"/>
    <property name="POM_DISPLAYNAME" value="GoSchedule_maven"/>
    <property name="NODE_LABELS" value="master"/>
    <property name="TEMP" value="C:\windows\TEMP"/>
    <property name="java.runtime.version" value="1.8.0_112-b15"/>
    <property name="ROOT_BUILD_CAUSE" value="MANUALTRIGGER"/>
    <property name="user.name" value="ETDB-510P66T-D$"/>
    <property name="Appium" value="C:\Program Files (x86)\Appium\node_modules\appium"/>
    <property name="guice.disable.misplaced.annotation.check" value="true"/>
    <property name="CommonProgramW6432" value="C:\Program Files\Common Files"/>
    <property name="SLAVE_AAPT_TIMEOUT" value="30"/>
    <property name="ProgramFiles" value="C:\Program Files"/>
    <property name="NodeJS" value="C:\Program Files\nodejs"/>
    <property name="user.language" value="en"/>
    <property name="JOB_BASE_NAME" value="Maven-test"/>
    <property name="M2" value="C:\Users\mary.l.l.dela.torre\apache-maven-3.3.9-bin\apache-maven-3.3.9\bin"/>
    <property name="BUILD_DISPLAY_NAME" value="#25"/>
    <property name="sun.boot.library.path" value="C:\Program Files\Java\jdk1.8.0_112\jre\bin"/>
    <property name="BUILD_CAUSE_UPSTREAMTRIGGER" value="true"/>
    <property name="LOCALAPPDATA" value="C:\windows\system32\config\systemprofile\AppData\Local"/>
    <property name="java.version" value="1.8.0_112"/>
    <property name="PROCESSOR_LEVEL" value="21"/>
    <property name="user.timezone" value="Asia/Shanghai"/>
    <property name="USERNAME" value="ETDB-510P66T-D$"/>
    <property name="sun.arch.data.model" value="64"/>
    <property name="NODE_NAME" value="master"/>
    <property name="java.endorsed.dirs" value="C:\Program Files\Java\jdk1.8.0_112\jre\lib\endorsed"/>
    <property name="BUILD_ID" value="25"/>
    <property name="sun.cpu.isalist" value="amd64"/>
    <property name="sun.jnu.encoding" value="Cp1252"/>
    <property name="file.encoding.pkg" value="sun.io"/>
    <property name="file.separator" value="\"/>
    <property name="java.specification.name" value="Java Platform API Specification"/>
    <property name="java.class.version" value="52.0"/>
    <property name="org.slf4j.simpleLogger.defaultLogLevel" value="info"/>
    <property name="user.country" value="US"/>
    <property name="ALLUSERSPROFILE" value="C:\ProgramData"/>
    <property name="java.home" value="C:\Program Files\Java\jdk1.8.0_112\jre"/>
    <property name="java.vm.info" value="mixed mode"/>
    <property name="os.version" value="6.1"/>
    <property name="POM_VERSION" value="0.0.1-SNAPSHOT"/>
    <property name="TMP" value="C:\windows\TEMP"/>
    <property name="path.separator" value=";"/>
    <property name="java.vm.version" value="25.112-b15"/>
    <property name="user.variant" value=""/>
    <property name="CommonProgramFiles(x86)" value="C:\Program Files (x86)\Common Files"/>
    <property name="java.awt.printerjob" value="sun.awt.windows.WPrinterJob"/>
    <property name="FP_NO_HOST_CHECK" value="NO"/>
    <property name="JAVA_HOME" value="C:\Program Files\Java\jdk1.8.0_112"/>
    <property name="sun.io.unicode.encoding" value="UnicodeLittle"/>
    <property name="CommonProgramFiles" value="C:\Program Files\Common Files"/>
    <property name="ComSpec" value="C:\windows\system32\cmd.exe"/>
    <property name="awt.toolkit" value="sun.awt.windows.WToolkit"/>
    <property name="POM_PACKAGING" value="jar"/>
    <property name="user.script" value=""/>
    <property name="COMPUTERNAME" value="ETDB-510P66T-D"/>
    <property name="SERVICE_ID" value="jenkins"/>
    <property name="POM_GROUPID" value="GoSchedule"/>
    <property name="VBOX_MSI_INSTALL_PATH" value="C:\Program Files\Oracle\VirtualBox\"/>
    <property name="user.home" value="C:\windows\system32\config\systemprofile"/>
    <property name="PUBLIC" value="C:\Users\Public"/>
    <property name="BUILD_TAG" value="jenkins-Maven-test-25"/>
    <property name="JENKINS_SERVER_COOKIE" value="19834694905b785f"/>
    <property name="HUDSON_URL" value="http://localhost:8080/"/>
    <property name="ProgramData" value="C:\ProgramData"/>
    <property name="java.specification.vendor" value="Oracle Corporation"/>
    <property name="USERPROFILE" value="C:\windows\system32\config\systemprofile"/>
    <property name="CLASSPATH" value=""/>
    <property name="java.vendor.url" value="http://java.oracle.com/"/>
    <property name="java.library.path" value="C:\Program Files\Java\jdk1.8.0_112\bin;C:\windows\Sun\Java\bin;C:\windows\system32;C:\windows;C:\Users\mary.l.l.dela.torre\apache-maven-3.3.9-bin\apache-maven-3.3.9/bin;C:\Program Files\Java\jdk1.8.0_112/bin;C:\Program Files\Java\jdk1.8.0_112\bin;C:\Program Files\Common Files\Microsoft Shared\Windows Live;C:\Program Files (x86)\Common Files\Microsoft Shared\Windows Live;C:\windows\system32;C:\windows;C:\windows\System32\Wbem;C:\windows\System32\WindowsPowerShell\v1.0\;C:\Program Files (x86)\MySQL\MySQL Fabric 1.5 &amp; MySQL Utilities 1.5\;C:\Program Files (x86)\MySQL\MySQL Fabric 1.5 &amp; MySQL Utilities 1.5\Doctrine extensions for PHP\;C:\Program Files (x86)\Symantec\VIP Access Client\;C:\HashiCorp\Vagrant\bin;C:\Program Files\TortoiseGit\bin;C:\Program Files (x86)\Windows Live\Shared;C:\Program Files (x86)\Brackets\command;C:\Program Files\Android\Android Studio\gradle\gradle-2.14.1\bin;%ANDROID_HOME%\platform-tools;%ANDROID_HOME%\tools;C:\Users\mary.l.l.dela.torre\AppData\Local\Android\sdk\platform-tools;C:\Users\mary.l.l.dela.torre\AppData\Local\Android\sdk\tools;C:\Program Files\nodejs;C:\Program Files (x86)\nodejs\;C:\Users\mary.l.l.dela.torre\apache-maven-3.3.9-bin\apache-maven-3.3.9\bin;C:\Program Files (x86)\Appium\node_modules\appium\bin\;C:\Users\mary.l.l.dela.torre\AppData\Local\Android\sdk\build-tools\23.0.1;;."/>
    <property name="ROOT_BUILD_CAUSE_MANUALTRIGGER" value="true"/>
    <property name="java.vm.vendor" value="Oracle Corporation"/>
    <property name="APPDATA" value="C:\windows\system32\config\systemprofile\AppData\Roaming"/>
    <property name="java.runtime.name" value="Java(TM) SE Runtime Environment"/>
    <property name="maven.home" value="C:\Users\mary.l.l.dela.torre\apache-maven-3.3.9-bin\apache-maven-3.3.9"/>
    <property name="java.class.path" value="C:\Users\mary.l.l.dela.torre\.jenkins\plugins\maven-plugin\WEB-INF\lib\maven33-agent-1.8.1.jar;C:\Users\mary.l.l.dela.torre\apache-maven-3.3.9-bin\apache-maven-3.3.9\boot\plexus-classworlds-2.5.2.jar;C:\Users\mary.l.l.dela.torre\apache-maven-3.3.9-bin\apache-maven-3.3.9/conf/logging"/>
    <property name="sun.java.command" value="jenkins.maven3.agent.Maven33Main C:\Users\mary.l.l.dela.torre\apache-maven-3.3.9-bin\apache-maven-3.3.9 C:\Users\mary.l.l.dela.torre\.jenkins\war\WEB-INF\lib\remoting-2.62.jar C:\Users\mary.l.l.dela.torre\.jenkins\plugins\maven-plugin\WEB-INF\lib\maven33-interceptor-1.8.1.jar C:\Users\mary.l.l.dela.torre\.jenkins\plugins\maven-plugin\WEB-INF\lib\maven3-interceptor-commons-1.8.1.jar 63554"/>
    <property name="Path" value="C:\Program Files\Java\jdk1.8.0_112\bin;C:\Program Files\Common Files\Microsoft Shared\Windows Live;C:\Program Files (x86)\Common Files\Microsoft Shared\Windows Live;C:\windows\system32;C:\windows;C:\windows\System32\Wbem;C:\windows\System32\WindowsPowerShell\v1.0\;C:\Program Files (x86)\MySQL\MySQL Fabric 1.5 &amp; MySQL Utilities 1.5\;C:\Program Files (x86)\MySQL\MySQL Fabric 1.5 &amp; MySQL Utilities 1.5\Doctrine extensions for PHP\;C:\Program Files (x86)\Symantec\VIP Access Client\;C:\HashiCorp\Vagrant\bin;C:\Program Files\TortoiseGit\bin;C:\Program Files (x86)\Windows Live\Shared;C:\Program Files (x86)\Brackets\command;C:\Program Files\Android\Android Studio\gradle\gradle-2.14.1\bin;%ANDROID_HOME%\platform-tools;%ANDROID_HOME%\tools;C:\Users\mary.l.l.dela.torre\AppData\Local\Android\sdk\platform-tools;C:\Users\mary.l.l.dela.torre\AppData\Local\Android\sdk\tools;C:\Program Files\nodejs;C:\Program Files (x86)\nodejs\;C:\Users\mary.l.l.dela.torre\apache-maven-3.3.9-bin\apache-maven-3.3.9\bin;C:\Program Files (x86)\Appium\node_modules\appium\bin\;C:\Users\mary.l.l.dela.torre\AppData\Local\Android\sdk\build-tools\23.0.1;"/>
    <property name="java.vm.specification.name" value="Java Virtual Machine Specification"/>
    <property name="PROCESSOR_ARCHITECTURE" value="AMD64"/>
    <property name="PATH+JDK" value="C:\Program Files\Java\jdk1.8.0_112/bin"/>
    <property name="PROCESSOR_IDENTIFIER" value="AMD64 Family 21 Model 48 Stepping 1, AuthenticAMD"/>
    <property name="java.vm.specification.version" value="1.8"/>
    <property name="CUSTOM_WORKSPACE" value="C:\Users\mary.l.l.dela.torre\.jenkins\workspace\goschedule1 "/>
    <property name="sun.os.patch.level" value="Service Pack 1"/>
    <property name="sun.cpu.endian" value="little"/>
    <property name="M2_HOME" value="C:\Users\mary.l.l.dela.torre\apache-maven-3.3.9-bin\apache-maven-3.3.9"/>
    <property name="java.io.tmpdir" value="C:\windows\TEMP\"/>
    <property name="OS" value="Windows_NT"/>
    <property name="HUDSON_HOME" value="C:\Users\mary.l.l.dela.torre\.jenkins"/>
    <property name="PATH+MAVEN" value="C:\Users\mary.l.l.dela.torre\apache-maven-3.3.9-bin\apache-maven-3.3.9/bin"/>
    <property name="ProgramFiles(x86)" value="C:\Program Files (x86)"/>
    <property name="BUILD_URL" value="http://localhost:8080/job/Maven-test/25/"/>
    <property name="java.vendor.url.bug" value="http://bugreport.sun.com/bugreport/"/>
    <property name="java.awt.graphicsenv" value="sun.awt.Win32GraphicsEnvironment"/>
    <property name="os.arch" value="amd64"/>
    <property name="SystemRoot" value="C:\windows"/>
    <property name="windows_tracing_flags" value="3"/>
    <property name="java.ext.dirs" value="C:\Program Files\Java\jdk1.8.0_112\jre\lib\ext;C:\windows\Sun\Java\lib\ext"/>
    <property name="user.dir" value="C:\Users\mary.l.l.dela.torre\Desktop\repo\original_repo\goschedule\v1"/>
    <property name="JOB_URL" value="http://localhost:8080/job/Maven-test/"/>
    <property name="USERDOMAIN" value="DIR"/>
    <property name="line.separator" value="
"/>
    <property name="MAVEN_HOME" value="C:\Users\mary.l.l.dela.torre\apache-maven-3.3.9-bin\apache-maven-3.3.9"/>
    <property name="java.vm.name" value="Java HotSpot(TM) 64-Bit Server VM"/>
    <property name="BUILD_NUMBER" value="25"/>
    <property name="BASE" value="C:\Users\mary.l.l.dela.torre\.jenkins"/>
    <property name="ANDROID_HOME" value="C:\Users\mary.l.l.dela.torre\AppData\Local\Android\sdk"/>
    <property name="JENKINS_URL" value="http://localhost:8080/"/>
    <property name="PROCESSOR_REVISION" value="3001"/>
    <property name="UATDATA" value="C:\windows\SysWOW64\CCM\UATData\D9F8C395-CAB8-491d-B8AC-179A1FE1BE77"/>
    <property name="ProgramW6432" value="C:\Program Files"/>
    <property name="windir" value="C:\windows"/>
    <property name="file.encoding" value="Cp1252"/>
    <property name="SystemDrive" value="C:"/>
    <property name="maven3.interceptor" value="C:\Users\mary.l.l.dela.torre\.jenkins\plugins\maven-plugin\WEB-INF\lib\maven33-interceptor-1.8.1.jar"/>
    <property name="WORKSPACE" value="C:\Users\mary.l.l.dela.torre\.jenkins\workspace\Maven-test"/>
    <property name="maven3.interceptor.common" value="C:\Users\mary.l.l.dela.torre\.jenkins\plugins\maven-plugin\WEB-INF\lib\maven3-interceptor-commons-1.8.1.jar"/>
    <property name="WINSW_EXECUTABLE" value="C:\Users\mary.l.l.dela.torre\.jenkins\jenkins.exe"/>
    <property name="java.specification.version" value="1.8"/>
    <property name="PSModulePath" value="C:\windows\system32\WindowsPowerShell\v1.0\Modules\"/>
    <property name="BUILD_CAUSE" value="UPSTREAMTRIGGER"/>
  </properties>
  <testcase classname="appium.TestNG_testcases" name="Login_Complete" time="21.324"/>
  <testcase classname="appium.TestNG_testcases" name="File_leave_Complete" time="32.712"/>
  <testcase classname="appium.TestNG_testcases" name="Update_Leave_Complete" time="30.562"/>
  <testcase classname="appium.TestNG_testcases" name="Approve_Leave_Complete" time="8.171"/>
  <testcase classname="appium.TestNG_testcases" name="Check_Leave" time="7.618"/>
  <testcase classname="appium.TestNG_testcases" name="Find_Leave" time="15.566">
    <failure message="An element could not be located on the page using the given search parameters. (WARNING: The server did not provide any stacktrace information)
Command duration or timeout: 12.15 seconds
For documentation on this error, please visit: http://seleniumhq.org/exceptions/no_such_element.html
Build info: version: &apos;2.47.1&apos;, revision: &apos;unknown&apos;, time: &apos;2015-07-30 11:02:44&apos;
System info: host: &apos;ETDB-510P66T-D&apos;, ip: &apos;10.202.212.24&apos;, os.name: &apos;Windows 7&apos;, os.arch: &apos;amd64&apos;, os.version: &apos;6.1&apos;, java.version: &apos;1.8.0_112&apos;
Driver info: io.appium.java_client.android.AndroidDriver
Capabilities [{app=C:\Users\mary.l.l.dela.torre\.jenkins\workspace\goschedule1\build\outputs\apk\goschedule1-release.apk, appPackage=com.projectprototype, networkConnectionEnabled=true, warnings={}, databaseEnabled=false, deviceName=emulator-5554, platform=ANDROID, appActivity=com.projectprototype.SplashActivity, desired={app=C:\Users\mary.l.l.dela.torre\.jenkins\workspace\goschedule1\build\outputs\apk\goschedule1-release.apk, appPackage=com.projectprototype, appActivity=com.projectprototype.SplashActivity, platformVersion=4.4.2, browserName=Android, platformName=Android, deviceName=emulator-5554, platform=ANDROID}, platformVersion=4.4.2, webStorageEnabled=false, locationContextEnabled=false, browserName=Android, takesScreenshot=true, javascriptEnabled=true, platformName=Android}]
Session ID: ab0878b1-07e3-421b-9ba1-705c733a4d06
*** Element info: {Using=id, value=ListMyLeave}" type="org.openqa.selenium.NoSuchElementException">org.openqa.selenium.NoSuchElementException: An element could not be located on the page using the given search parameters. (WARNING: The server did not provide any stacktrace information)
Command duration or timeout: 12.15 seconds
For documentation on this error, please visit: http://seleniumhq.org/exceptions/no_such_element.html
Build info: version: &apos;2.47.1&apos;, revision: &apos;unknown&apos;, time: &apos;2015-07-30 11:02:44&apos;
System info: host: &apos;ETDB-510P66T-D&apos;, ip: &apos;10.202.212.24&apos;, os.name: &apos;Windows 7&apos;, os.arch: &apos;amd64&apos;, os.version: &apos;6.1&apos;, java.version: &apos;1.8.0_112&apos;
Driver info: io.appium.java_client.android.AndroidDriver
Capabilities [{app=C:\Users\mary.l.l.dela.torre\.jenkins\workspace\goschedule1\build\outputs\apk\goschedule1-release.apk, appPackage=com.projectprototype, networkConnectionEnabled=true, warnings={}, databaseEnabled=false, deviceName=emulator-5554, platform=ANDROID, appActivity=com.projectprototype.SplashActivity, desired={app=C:\Users\mary.l.l.dela.torre\.jenkins\workspace\goschedule1\build\outputs\apk\goschedule1-release.apk, appPackage=com.projectprototype, appActivity=com.projectprototype.SplashActivity, platformVersion=4.4.2, browserName=Android, platformName=Android, deviceName=emulator-5554, platform=ANDROID}, platformVersion=4.4.2, webStorageEnabled=false, locationContextEnabled=false, browserName=Android, takesScreenshot=true, javascriptEnabled=true, platformName=Android}]
Session ID: ab0878b1-07e3-421b-9ba1-705c733a4d06
*** Element info: {Using=id, value=ListMyLeave}
	at sun.reflect.NativeConstructorAccessorImpl.newInstance0(Native Method)
	at sun.reflect.NativeConstructorAccessorImpl.newInstance(NativeConstructorAccessorImpl.java:62)
	at sun.reflect.DelegatingConstructorAccessorImpl.newInstance(DelegatingConstructorAccessorImpl.java:45)
	at java.lang.reflect.Constructor.newInstance(Constructor.java:423)
	at org.openqa.selenium.remote.ErrorHandler.createThrowable(ErrorHandler.java:206)
	at org.openqa.selenium.remote.ErrorHandler.throwIfResponseFailed(ErrorHandler.java:158)
	at org.openqa.selenium.remote.RemoteWebDriver.execute(RemoteWebDriver.java:595)
	at io.appium.java_client.DefaultGenericMobileDriver.execute(DefaultGenericMobileDriver.java:42)
	at io.appium.java_client.AppiumDriver.execute(AppiumDriver.java:1)
	at io.appium.java_client.android.AndroidDriver.execute(AndroidDriver.java:1)
	at org.openqa.selenium.remote.RemoteWebDriver.findElement(RemoteWebDriver.java:348)
	at org.openqa.selenium.remote.RemoteWebDriver.findElementById(RemoteWebDriver.java:389)
	at io.appium.java_client.DefaultGenericMobileDriver.findElementById(DefaultGenericMobileDriver.java:62)
	at io.appium.java_client.AppiumDriver.findElementById(AppiumDriver.java:1)
	at io.appium.java_client.android.AndroidDriver.findElementById(AndroidDriver.java:1)
	at org.openqa.selenium.By$ById.findElement(By.java:215)
	at org.openqa.selenium.remote.RemoteWebDriver.findElement(RemoteWebDriver.java:340)
	at io.appium.java_client.DefaultGenericMobileDriver.findElement(DefaultGenericMobileDriver.java:52)
	at io.appium.java_client.AppiumDriver.findElement(AppiumDriver.java:1)
	at io.appium.java_client.android.AndroidDriver.findElement(AndroidDriver.java:1)
	at appium.TestNG_testcases.Find_Leave(TestNG_testcases.java:119)
</failure>
  </testcase>
</testsuite>