<?xml version="1.0" encoding="UTF-8"?>
<!-- Generated by org.testng.reporters.JUnitReportReporter -->
<testsuite hostname="ETDB-510P66T-D" name="appium.TestNG_testcases" tests="2" failures="0" timestamp="9 Dec 2016 06:33:55 GMT" time="93.685" errors="0">
  <testcase name="Login_Complete" time="58.822" classname="appium.TestNG_testcases"/>
  <testcase name="File_leave_Complete" time="34.863" classname="appium.TestNG_testcases"/>
</testsuite> <!-- appium.TestNG_testcases -->
