<?xml version="1.0" encoding="UTF-8"?>
<!-- Generated by org.testng.reporters.JUnitReportReporter -->
<testsuite hostname="ETDB-510P66T-D" name="appium.TestNG_testcases" tests="2" failures="0" timestamp="8 Dec 2016 07:00:13 GMT" time="54.461" errors="0">
  <testcase name="File_leave_Complete" time="21.978" classname="appium.TestNG_testcases"/>
  <testcase name="Login_Complete" time="32.483" classname="appium.TestNG_testcases"/>
</testsuite> <!-- appium.TestNG_testcases -->
